<?xml version="1.0" encoding="UTF-8"?>
<testng-results ignored="0" total="2" passed="2" failed="0" skipped="0">
  <reporter-output>
  </reporter-output>
  <suite started-at="2020-10-01T01:09:41Z" name="Default suite" finished-at="2020-10-01T01:09:54Z" duration-ms="12518">
    <groups>
      <group name="cucumber">
        <method signature="AbstractTestNGCucumberTests.runScenario(io.cucumber.testng.PickleWrapper, io.cucumber.testng.FeatureWrapper)[pri:0, instance:com.test_runner.TestRunner@2caa5d7c]" name="runScenario" class="io.cucumber.testng.AbstractTestNGCucumberTests"/>
      </group> <!-- cucumber -->
    </groups>
    <test started-at="2020-10-01T01:09:41Z" name="Default test" finished-at="2020-10-01T01:09:54Z" duration-ms="12518">
      <class name="com.test_runner.TestRunner">
        <test-method is-config="true" signature="setUpClass()[pri:0, instance:com.test_runner.TestRunner@2caa5d7c]" started-at="2020-10-01T01:09:41Z" name="setUpClass" finished-at="2020-10-01T01:09:42Z" duration-ms="1143" status="PASS">
          <reporter-output>
          </reporter-output>
        </test-method> <!-- setUpClass -->
        <test-method signature="runScenario(io.cucumber.testng.PickleWrapper, io.cucumber.testng.FeatureWrapper)[pri:0, instance:com.test_runner.TestRunner@2caa5d7c]" started-at="2020-10-01T01:09:42Z" name="runScenario" description="Runs Cucumber Scenarios" data-provider="scenarios" finished-at="2020-10-01T01:09:51Z" duration-ms="8855" status="PASS">
          <params>
            <param index="0">
              <value>
                <![CDATA["To Test the Login Function of CartManagementSystem"]]>
              </value>
            </param>
            <param index="1">
              <value>
                <![CDATA["To Test the CartManagementSystem Application"]]>
              </value>
            </param>
          </params>
          <reporter-output>
          </reporter-output>
        </test-method> <!-- runScenario -->
        <test-method signature="runScenario(io.cucumber.testng.PickleWrapper, io.cucumber.testng.FeatureWrapper)[pri:0, instance:com.test_runner.TestRunner@2caa5d7c]" started-at="2020-10-01T01:09:51Z" name="runScenario" description="Runs Cucumber Scenarios" data-provider="scenarios" finished-at="2020-10-01T01:09:52Z" duration-ms="1110" status="PASS">
          <params>
            <param index="0">
              <value>
                <![CDATA["To Add and Remove item"]]>
              </value>
            </param>
            <param index="1">
              <value>
                <![CDATA["To Test the CartManagementSystem Application"]]>
              </value>
            </param>
          </params>
          <reporter-output>
          </reporter-output>
        </test-method> <!-- runScenario -->
        <test-method is-config="true" signature="Extentsreport()[pri:0, instance:com.test_runner.TestRunner@2caa5d7c]" started-at="2020-10-01T01:09:53Z" name="Extentsreport" finished-at="2020-10-01T01:09:53Z" duration-ms="2" status="PASS">
          <reporter-output>
          </reporter-output>
        </test-method> <!-- Extentsreport -->
        <test-method is-config="true" signature="tearDownClass()[pri:0, instance:com.test_runner.TestRunner@2caa5d7c]" started-at="2020-10-01T01:09:53Z" name="tearDownClass" finished-at="2020-10-01T01:09:54Z" duration-ms="1129" status="PASS">
          <reporter-output>
          </reporter-output>
        </test-method> <!-- tearDownClass -->
      </class> <!-- com.test_runner.TestRunner -->
    </test> <!-- Default test -->
  </suite> <!-- Default suite -->
</testng-results>
